Arguments: 
  /Users/camdenmi/.nvm/versions/node/v9.8.0/bin/node /Users/camdenmi/.nvm/versions/node/v9.8.0/bin/yarn start

PATH: 
  /Users/camdenmi/.nvm/versions/node/v9.8.0/bin:/usr/local/bin:/usr/bin:/bin:/usr/sbin:/sbin:/usr/local/mysql/bin:/Users/michaelcamden/.nvm/versions/node/v7.9.0/bin:/Users/camdenmi/.cargo/env:/Users/camdenmi/.cargo/bin:/Users/michaelcamden/Code/emsdk-portable:/usr/local/Cellar/glfw/3.2.1

Yarn version: 
  1.5.1

Node version: 
  9.8.0

Platform: 
  darwin x64

npm manifest: 
  {
    "name": "@workmarket/rowan-runner",
    "version": "1.0.0",
    "main": "index.js",
    "license": "MIT",
    "scripts": {
      "start": "node ./src/index"
    },
    "dependencies": {
      "@workmarket/js-utils": "^4.1.0",
      "@workmarket/rowan": "1.0.0-rc.1",
      "chalk": "^2.4.1",
      "koa": "^2.5.1",
      "koa-body": "^2.5.0",
      "koa-router": "^7.4.0",
      "ramda": "^0.25.0"
    }
  }

yarn manifest: 
  No manifest

Lockfile: 
  # THIS IS AN AUTOGENERATED FILE. DO NOT EDIT THIS FILE DIRECTLY.
  # yarn lockfile v1
  
  
  "@workmarket/js-utils@^4.1.0":
    version "4.1.0"
    resolved "https://registry.yarnpkg.com/@workmarket/js-utils/-/js-utils-4.1.0.tgz#cf0b22b056d634264ce2c2ff8139032e314082f9"
    dependencies:
      immutable "~3.8.1"
      pretty-format "^22.1.0"
      ramda "~0.24.1"
      validator "~7.0.0"
  
  "@workmarket/rowan@1.0.0-rc.1":
    version "1.0.0-rc.1"
    resolved "https://registry.yarnpkg.com/@workmarket/rowan/-/rowan-1.0.0-rc.1.tgz#9e0179c40942cc09b2238113578dad6de3cc9411"
    dependencies:
      ramda "^0.25.0"
      ramda-adjunct "^2.7.0"
  
  accepts@^1.2.2:
    version "1.3.5"
    resolved "https://registry.yarnpkg.com/accepts/-/accepts-1.3.5.tgz#eb777df6011723a3b14e8a72c0805c8e86746bd2"
    dependencies:
      mime-types "~2.1.18"
      negotiator "0.6.1"
  
  ansi-regex@^3.0.0:
    version "3.0.0"
    resolved "https://registry.yarnpkg.com/ansi-regex/-/ansi-regex-3.0.0.tgz#ed0317c322064f79466c02966bddb605ab37d998"
  
  ansi-styles@^3.2.0, ansi-styles@^3.2.1:
    version "3.2.1"
    resolved "https://registry.yarnpkg.com/ansi-styles/-/ansi-styles-3.2.1.tgz#41fbb20243e50b12be0f04b8dedbf07520ce841d"
    dependencies:
      color-convert "^1.9.0"
  
  any-promise@^1.1.0:
    version "1.3.0"
    resolved "https://registry.yarnpkg.com/any-promise/-/any-promise-1.3.0.tgz#abc6afeedcea52e809cdc0376aed3ce39635d17f"
  
  bytes@3.0.0:
    version "3.0.0"
    resolved "https://registry.yarnpkg.com/bytes/-/bytes-3.0.0.tgz#d32815404d689699f85a4ea4fa8755dd13a96048"
  
  chalk@^2.4.1:
    version "2.4.1"
    resolved "https://registry.yarnpkg.com/chalk/-/chalk-2.4.1.tgz#18c49ab16a037b6eb0152cc83e3471338215b66e"
    dependencies:
      ansi-styles "^3.2.1"
      escape-string-regexp "^1.0.5"
      supports-color "^5.3.0"
  
  co-body@^5.1.1:
    version "5.2.0"
    resolved "https://registry.yarnpkg.com/co-body/-/co-body-5.2.0.tgz#5a0a658c46029131e0e3a306f67647302f71c124"
    dependencies:
      inflation "^2.0.0"
      qs "^6.4.0"
      raw-body "^2.2.0"
      type-is "^1.6.14"
  
  co@^4.6.0:
    version "4.6.0"
    resolved "https://registry.yarnpkg.com/co/-/co-4.6.0.tgz#6ea6bdf3d853ae54ccb8e47bfa0bf3f9031fb184"
  
  color-convert@^1.9.0:
    version "1.9.1"
    resolved "https://registry.yarnpkg.com/color-convert/-/color-convert-1.9.1.tgz#c1261107aeb2f294ebffec9ed9ecad529a6097ed"
    dependencies:
      color-name "^1.1.1"
  
  color-name@^1.1.1:
    version "1.1.3"
    resolved "https://registry.yarnpkg.com/color-name/-/color-name-1.1.3.tgz#a7d0558bd89c42f795dd42328f740831ca53bc25"
  
  content-disposition@~0.5.0:
    version "0.5.2"
    resolved "https://registry.yarnpkg.com/content-disposition/-/content-disposition-0.5.2.tgz#0cf68bb9ddf5f2be7961c3a85178cb85dba78cb4"
  
  content-type@^1.0.0:
    version "1.0.4"
    resolved "https://registry.yarnpkg.com/content-type/-/content-type-1.0.4.tgz#e138cc75e040c727b1966fe5e5f8c9aee256fe3b"
  
  cookies@~0.7.0:
    version "0.7.1"
    resolved "https://registry.yarnpkg.com/cookies/-/cookies-0.7.1.tgz#7c8a615f5481c61ab9f16c833731bcb8f663b99b"
    dependencies:
      depd "~1.1.1"
      keygrip "~1.0.2"
  
  debug@*, debug@^3.1.0:
    version "3.1.0"
    resolved "https://registry.yarnpkg.com/debug/-/debug-3.1.0.tgz#5bb5a0672628b64149566ba16819e61518c67261"
    dependencies:
      ms "2.0.0"
  
  deep-equal@~1.0.1:
    version "1.0.1"
    resolved "https://registry.yarnpkg.com/deep-equal/-/deep-equal-1.0.1.tgz#f5d260292b660e084eff4cdbc9f08ad3247448b5"
  
  delegates@^1.0.0:
    version "1.0.0"
    resolved "https://registry.yarnpkg.com/delegates/-/delegates-1.0.0.tgz#84c6e159b81904fdca59a0ef44cd870d31250f9a"
  
  depd@^1.1.0, depd@~1.1.1, depd@~1.1.2:
    version "1.1.2"
    resolved "https://registry.yarnpkg.com/depd/-/depd-1.1.2.tgz#9bcd52e14c097763e749b274c4346ed2e560b5a9"
  
  destroy@^1.0.3:
    version "1.0.4"
    resolved "https://registry.yarnpkg.com/destroy/-/destroy-1.0.4.tgz#978857442c44749e4206613e37946205826abd80"
  
  ee-first@1.1.1:
    version "1.1.1"
    resolved "https://registry.yarnpkg.com/ee-first/-/ee-first-1.1.1.tgz#590c61156b0ae2f4f0255732a158b266bc56b21d"
  
  error-inject@~1.0.0:
    version "1.0.0"
    resolved "https://registry.yarnpkg.com/error-inject/-/error-inject-1.0.0.tgz#e2b3d91b54aed672f309d950d154850fa11d4f37"
  
  escape-html@~1.0.1:
    version "1.0.3"
    resolved "https://registry.yarnpkg.com/escape-html/-/escape-html-1.0.3.tgz#0258eae4d3d0c0974de1c169188ef0051d1d1988"
  
  escape-string-regexp@^1.0.5:
    version "1.0.5"
    resolved "https://registry.yarnpkg.com/escape-string-regexp/-/escape-string-regexp-1.0.5.tgz#1b61c0562190a8dff6ae3bb2cf0200ca130b86d4"
  
  formidable@^1.1.1:
    version "1.2.1"
    resolved "https://registry.yarnpkg.com/formidable/-/formidable-1.2.1.tgz#70fb7ca0290ee6ff961090415f4b3df3d2082659"
  
  fresh@^0.5.2:
    version "0.5.2"
    resolved "https://registry.yarnpkg.com/fresh/-/fresh-0.5.2.tgz#3d8cadd90d976569fa835ab1f8e4b23a105605a7"
  
  has-flag@^3.0.0:
    version "3.0.0"
    resolved "https://registry.yarnpkg.com/has-flag/-/has-flag-3.0.0.tgz#b5d454dc2199ae225699f3467e5a07f3b955bafd"
  
  http-assert@^1.1.0:
    version "1.3.0"
    resolved "https://registry.yarnpkg.com/http-assert/-/http-assert-1.3.0.tgz#a31a5cf88c873ecbb5796907d4d6f132e8c01e4a"
    dependencies:
      deep-equal "~1.0.1"
      http-errors "~1.6.1"
  
  http-errors@1.6.3, http-errors@^1.2.8, http-errors@^1.3.1, http-errors@~1.6.1:
    version "1.6.3"
    resolved "https://registry.yarnpkg.com/http-errors/-/http-errors-1.6.3.tgz#8b55680bb4be283a0b5bf4ea2e38580be1d9320d"
    dependencies:
      depd "~1.1.2"
      inherits "2.0.3"
      setprototypeof "1.1.0"
      statuses ">= 1.4.0 < 2"
  
  iconv-lite@0.4.23:
    version "0.4.23"
    resolved "https://registry.yarnpkg.com/iconv-lite/-/iconv-lite-0.4.23.tgz#297871f63be507adcfbfca715d0cd0eed84e9a63"
    dependencies:
      safer-buffer ">= 2.1.2 < 3"
  
  immutable@~3.8.1:
    version "3.8.2"
    resolved "https://registry.yarnpkg.com/immutable/-/immutable-3.8.2.tgz#c2439951455bb39913daf281376f1530e104adf3"
  
  inflation@^2.0.0:
    version "2.0.0"
    resolved "https://registry.yarnpkg.com/inflation/-/inflation-2.0.0.tgz#8b417e47c28f925a45133d914ca1fd389107f30f"
  
  inherits@2.0.3:
    version "2.0.3"
    resolved "https://registry.yarnpkg.com/inherits/-/inherits-2.0.3.tgz#633c2c83e3da42a502f52466022480f4208261de"
  
  is-generator-function@^1.0.3:
    version "1.0.7"
    resolved "https://registry.yarnpkg.com/is-generator-function/-/is-generator-function-1.0.7.tgz#d2132e529bb0000a7f80794d4bdf5cd5e5813522"
  
  isarray@0.0.1:
    version "0.0.1"
    resolved "https://registry.yarnpkg.com/isarray/-/isarray-0.0.1.tgz#8a18acfca9a8f4177e09abfc6038939b05d1eedf"
  
  keygrip@~1.0.2:
    version "1.0.2"
    resolved "https://registry.yarnpkg.com/keygrip/-/keygrip-1.0.2.tgz#ad3297c557069dea8bcfe7a4fa491b75c5ddeb91"
  
  koa-body@^2.5.0:
    version "2.5.0"
    resolved "https://registry.yarnpkg.com/koa-body/-/koa-body-2.5.0.tgz#84e8fcd8d5229a8cc1cb98a926e939069e716915"
    dependencies:
      co-body "^5.1.1"
      formidable "^1.1.1"
  
  koa-compose@^3.0.0:
    version "3.2.1"
    resolved "https://registry.yarnpkg.com/koa-compose/-/koa-compose-3.2.1.tgz#a85ccb40b7d986d8e5a345b3a1ace8eabcf54de7"
    dependencies:
      any-promise "^1.1.0"
  
  koa-compose@^4.0.0:
    version "4.0.0"
    resolved "https://registry.yarnpkg.com/koa-compose/-/koa-compose-4.0.0.tgz#2800a513d9c361ef0d63852b038e4f6f2d5a773c"
  
  koa-convert@^1.2.0:
    version "1.2.0"
    resolved "https://registry.yarnpkg.com/koa-convert/-/koa-convert-1.2.0.tgz#da40875df49de0539098d1700b50820cebcd21d0"
    dependencies:
      co "^4.6.0"
      koa-compose "^3.0.0"
  
  koa-is-json@^1.0.0:
    version "1.0.0"
    resolved "https://registry.yarnpkg.com/koa-is-json/-/koa-is-json-1.0.0.tgz#273c07edcdcb8df6a2c1ab7d59ee76491451ec14"
  
  koa-router@^7.4.0:
    version "7.4.0"
    resolved "https://registry.yarnpkg.com/koa-router/-/koa-router-7.4.0.tgz#aee1f7adc02d5cb31d7d67465c9eacc825e8c5e0"
    dependencies:
      debug "^3.1.0"
      http-errors "^1.3.1"
      koa-compose "^3.0.0"
      methods "^1.0.1"
      path-to-regexp "^1.1.1"
      urijs "^1.19.0"
  
  koa@^2.5.1:
    version "2.5.1"
    resolved "https://registry.yarnpkg.com/koa/-/koa-2.5.1.tgz#79f8b95f8d72d04fe9a58a8da5ebd6d341103f9c"
    dependencies:
      accepts "^1.2.2"
      content-disposition "~0.5.0"
      content-type "^1.0.0"
      cookies "~0.7.0"
      debug "*"
      delegates "^1.0.0"
      depd "^1.1.0"
      destroy "^1.0.3"
      error-inject "~1.0.0"
      escape-html "~1.0.1"
      fresh "^0.5.2"
      http-assert "^1.1.0"
      http-errors "^1.2.8"
      is-generator-function "^1.0.3"
      koa-compose "^4.0.0"
      koa-convert "^1.2.0"
      koa-is-json "^1.0.0"
      mime-types "^2.0.7"
      on-finished "^2.1.0"
      only "0.0.2"
      parseurl "^1.3.0"
      statuses "^1.2.0"
      type-is "^1.5.5"
      vary "^1.0.0"
  
  media-typer@0.3.0:
    version "0.3.0"
    resolved "https://registry.yarnpkg.com/media-typer/-/media-typer-0.3.0.tgz#8710d7af0aa626f8fffa1ce00168545263255748"
  
  methods@^1.0.1:
    version "1.1.2"
    resolved "https://registry.yarnpkg.com/methods/-/methods-1.1.2.tgz#5529a4d67654134edcc5266656835b0f851afcee"
  
  mime-db@~1.33.0:
    version "1.33.0"
    resolved "https://registry.yarnpkg.com/mime-db/-/mime-db-1.33.0.tgz#a3492050a5cb9b63450541e39d9788d2272783db"
  
  mime-types@^2.0.7, mime-types@~2.1.18:
    version "2.1.18"
    resolved "https://registry.yarnpkg.com/mime-types/-/mime-types-2.1.18.tgz#6f323f60a83d11146f831ff11fd66e2fe5503bb8"
    dependencies:
      mime-db "~1.33.0"
  
  ms@2.0.0:
    version "2.0.0"
    resolved "https://registry.yarnpkg.com/ms/-/ms-2.0.0.tgz#5608aeadfc00be6c2901df5f9861788de0d597c8"
  
  negotiator@0.6.1:
    version "0.6.1"
    resolved "https://registry.yarnpkg.com/negotiator/-/negotiator-0.6.1.tgz#2b327184e8992101177b28563fb5e7102acd0ca9"
  
  on-finished@^2.1.0:
    version "2.3.0"
    resolved "https://registry.yarnpkg.com/on-finished/-/on-finished-2.3.0.tgz#20f1336481b083cd75337992a16971aa2d906947"
    dependencies:
      ee-first "1.1.1"
  
  only@0.0.2:
    version "0.0.2"
    resolved "https://registry.yarnpkg.com/only/-/only-0.0.2.tgz#2afde84d03e50b9a8edc444e30610a70295edfb4"
  
  parseurl@^1.3.0:
    version "1.3.2"
    resolved "https://registry.yarnpkg.com/parseurl/-/parseurl-1.3.2.tgz#fc289d4ed8993119460c156253262cdc8de65bf3"
  
  path-to-regexp@^1.1.1:
    version "1.7.0"
    resolved "https://registry.yarnpkg.com/path-to-regexp/-/path-to-regexp-1.7.0.tgz#59fde0f435badacba103a84e9d3bc64e96b9937d"
    dependencies:
      isarray "0.0.1"
  
  pretty-format@^22.1.0:
    version "22.4.3"
    resolved "https://registry.yarnpkg.com/pretty-format/-/pretty-format-22.4.3.tgz#f873d780839a9c02e9664c8a082e9ee79eaac16f"
    dependencies:
      ansi-regex "^3.0.0"
      ansi-styles "^3.2.0"
  
  qs@^6.4.0:
    version "6.5.2"
    resolved "https://registry.yarnpkg.com/qs/-/qs-6.5.2.tgz#cb3ae806e8740444584ef154ce8ee98d403f3e36"
  
  ramda-adjunct@^2.7.0:
    version "2.8.0"
    resolved "https://registry.yarnpkg.com/ramda-adjunct/-/ramda-adjunct-2.8.0.tgz#6eb3eb2f28987e3f2bf2bd0846ac84aa58297ffa"
  
  ramda@^0.25.0:
    version "0.25.0"
    resolved "https://registry.yarnpkg.com/ramda/-/ramda-0.25.0.tgz#8fdf68231cffa90bc2f9460390a0cb74a29b29a9"
  
  ramda@~0.24.1:
    version "0.24.1"
    resolved "https://registry.yarnpkg.com/ramda/-/ramda-0.24.1.tgz#c3b7755197f35b8dc3502228262c4c91ddb6b857"
  
  raw-body@^2.2.0:
    version "2.3.3"
    resolved "https://registry.yarnpkg.com/raw-body/-/raw-body-2.3.3.tgz#1b324ece6b5706e153855bc1148c65bb7f6ea0c3"
    dependencies:
      bytes "3.0.0"
      http-errors "1.6.3"
      iconv-lite "0.4.23"
      unpipe "1.0.0"
  
  "safer-buffer@>= 2.1.2 < 3":
    version "2.1.2"
    resolved "https://registry.yarnpkg.com/safer-buffer/-/safer-buffer-2.1.2.tgz#44fa161b0187b9549dd84bb91802f9bd8385cd6a"
  
  setprototypeof@1.1.0:
    version "1.1.0"
    resolved "https://registry.yarnpkg.com/setprototypeof/-/setprototypeof-1.1.0.tgz#d0bd85536887b6fe7c0d818cb962d9d91c54e656"
  
  "statuses@>= 1.4.0 < 2", statuses@^1.2.0:
    version "1.5.0"
    resolved "https://registry.yarnpkg.com/statuses/-/statuses-1.5.0.tgz#161c7dac177659fd9811f43771fa99381478628c"
  
  supports-color@^5.3.0:
    version "5.4.0"
    resolved "https://registry.yarnpkg.com/supports-color/-/supports-color-5.4.0.tgz#1c6b337402c2137605efe19f10fec390f6faab54"
    dependencies:
      has-flag "^3.0.0"
  
  type-is@^1.5.5, type-is@^1.6.14:
    version "1.6.16"
    resolved "https://registry.yarnpkg.com/type-is/-/type-is-1.6.16.tgz#f89ce341541c672b25ee7ae3c73dee3b2be50194"
    dependencies:
      media-typer "0.3.0"
      mime-types "~2.1.18"
  
  unpipe@1.0.0:
    version "1.0.0"
    resolved "https://registry.yarnpkg.com/unpipe/-/unpipe-1.0.0.tgz#b2bf4ee8514aae6165b4817829d21b2ef49904ec"
  
  urijs@^1.19.0:
    version "1.19.1"
    resolved "https://registry.yarnpkg.com/urijs/-/urijs-1.19.1.tgz#5b0ff530c0cbde8386f6342235ba5ca6e995d25a"
  
  validator@~7.0.0:
    version "7.0.0"
    resolved "https://registry.yarnpkg.com/validator/-/validator-7.0.0.tgz#c74deb8063512fac35547938e6f0b1504a282fd2"
  
  vary@^1.0.0:
    version "1.1.2"
    resolved "https://registry.yarnpkg.com/vary/-/vary-1.1.2.tgz#2299f02c6ded30d4a5961b0b9f74524a18f634fc"

Trace: 
  Error: Command failed.
  Exit code: 1
  Command: sh
  Arguments: -c node ./src/index
  Directory: /Users/camdenmi/Code/rowan-r
  Output:
  
      at ProcessTermError.MessageError (/Users/camdenmi/.nvm/versions/node/v9.8.0/lib/node_modules/yarn/lib/cli.js:186:110)
      at new ProcessTermError (/Users/camdenmi/.nvm/versions/node/v9.8.0/lib/node_modules/yarn/lib/cli.js:226:113)
      at ChildProcess.<anonymous> (/Users/camdenmi/.nvm/versions/node/v9.8.0/lib/node_modules/yarn/lib/cli.js:30281:17)
      at ChildProcess.emit (events.js:180:13)
      at maybeClose (internal/child_process.js:936:16)
      at Process.ChildProcess._handle.onexit (internal/child_process.js:220:5)
